<?xml version="1.0" encoding="UTF-8"?>
<!-- Generated by org.testng.reporters.JUnitXMLReporter -->
<testsuite hostname="TNP-ZSY53V948D3" ignored="0" name="Command line test" tests="4" failures="0" timestamp="2023-03-28T12:42:12 CST" time="0.151" errors="0">
  <testcase name="@BeforeTest initBrowser" time="-1.680028931844E9" classname="Test.TestApplication">
    <failure type="org.testng.TestNGException" message="
Parameter &amp;apos;browser&amp;apos; is required by BeforeTest on method initBrowser but has not been marked @Optional or defined
">
      <![CDATA[org.testng.TestNGException: 
Parameter 'browser' is required by BeforeTest on method initBrowser but has not been marked @Optional or defined

... Removed 31 stack frames]]>
    </failure>
  </testcase> <!-- @BeforeTest initBrowser -->
  <testcase name="@AfterTest closeBrowser" time="-1.68002893199E9" classname="Test.TestApplication">
    <skipped/>
  </testcase> <!-- @AfterTest closeBrowser -->
  <testcase name="submitForm" time="0.001" classname="Test.FormTest">
    <skipped/>
  </testcase> <!-- submitForm -->
  <testcase name="validateMessage" time="0.0" classname="Test.FormTest">
    <skipped/>
  </testcase> <!-- validateMessage -->
  <testcase name="submitForm" time="0.0" classname="Test.TestApplication">
    <skipped/>
  </testcase> <!-- submitForm -->
  <testcase name="validateMessage" time="0.0" classname="Test.TestApplication">
    <skipped/>
  </testcase> <!-- validateMessage -->
</testsuite> <!-- Command line test -->
